LINK : fatal error LNK1104: cannot open file 'opengl64.lib'

Project Performance Summary:
      770 ms  C:\OpenGL\OpenGL\OpenGL\OpenGL.vcxproj     1 calls
                770 ms  Build                                      1 calls

Target Performance Summary:
        0 ms  BuildGenerateSources                       1 calls
        0 ms  AfterMidl                                  1 calls
        0 ms  AfterBuildGenerateSources                  1 calls
        0 ms  AfterBuildGenerateSourcesEvent             1 calls
        0 ms  _BuildGenerateSourcesAction                1 calls
        0 ms  BuildCompileTraverse                       1 calls
        0 ms  BeforeClCompile                            1 calls
        0 ms  ComputeCLInputPDBName                      1 calls
        0 ms  FindReferenceAssembliesForReferences       1 calls
        0 ms  ComputeReferenceCLInput                    1 calls
        0 ms  SelectClCompile                            1 calls
        0 ms  CheckInstalledVCLibsIPP                    1 calls
        0 ms  CreateCustomManifestResourceNames          1 calls
        0 ms  AfterClCompile                             1 calls
        0 ms  ComputeMIDLGeneratedCompileInputs          1 calls
        0 ms  _ClCompile                                 1 calls
        0 ms  MakeDirsForResourceCompile                 1 calls
        0 ms  AfterResourceCompile                       1 calls
        0 ms  _ResourceCompile                           1 calls
        0 ms  AfterBuildCompileEvent                     1 calls
        0 ms  _BuildCompileAction                        1 calls
        0 ms  BuildCompile                               1 calls
        0 ms  ComputeLegacyManifestEmbedding             1 calls
        0 ms  BeforeLink                                 1 calls
        0 ms  ComputeRCOutputs                           1 calls
        0 ms  ComputeRCGeneratedLinkInputs               1 calls
        0 ms  ComputeManifestGeneratedLinkerInputs       1 calls
        0 ms  ComputeCLGeneratedLinkInputs               1 calls
        0 ms  ComputeLinkInputsFromProject               1 calls
        0 ms  BeforeResourceCompile                      1 calls
        0 ms  MakeDirsForMidl                            1 calls
        0 ms  _Midl                                      1 calls
        0 ms  PrepareResourceNames                       1 calls
        0 ms  _CheckWindowsSDKInstalled                  1 calls
        0 ms  _Xsd                                       1 calls
        0 ms  ResolveSDKReferences                       1 calls
        0 ms  ExpandSDKReferences                        1 calls
        0 ms  ResolveAssemblyReferences                  1 calls
        0 ms  PreLinkEvent                               1 calls
        0 ms  PrepareProjectReferences                   1 calls
        0 ms  _SplitProjectReferencesByFileExistence     1 calls
        0 ms  AfterResolveReferences                     1 calls
        0 ms  ResolveReferences                          1 calls
        0 ms  BuildGenerateSourcesTraverse               1 calls
        0 ms  BeforeBuildGenerateSources                 1 calls
        0 ms  _PrepareForReferenceResolution             1 calls
        0 ms  PreBuildEvent                              1 calls
        0 ms  _SelectedFiles                             1 calls
        0 ms  SelectCustomBuild                          1 calls
        0 ms  ComputeCustomBuildOutput                   1 calls
        0 ms  BeforeResolveReferences                    1 calls
        0 ms  GetReferenceAssemblyPaths                  1 calls
        1 ms  AssignTargetPaths                          1 calls
        1 ms  SetCABuildNativeEnvironmentVariables       1 calls
        1 ms  ComputeCLOutputs                           1 calls
        1 ms  GetResolvedWinMD                           1 calls
        1 ms  DoLinkOutputFilesMatch                     1 calls
        1 ms  GetFrameworkPaths                          1 calls
        1 ms  SplitResourcesByCulture                    1 calls
        1 ms  SetBuildDefaultEnvironmentVariables        1 calls
        1 ms  BuildLinkTraverse                          1 calls
        1 ms  ComputeManifestInputsTargets               1 calls
        1 ms  _PrepareForBuild                           1 calls
        1 ms  FixupCLCompileOptions                      1 calls
        2 ms  MakeDirsForLink                            1 calls
        3 ms  _GetProjectReferenceTargetFrameworkProperties   1 calls
        3 ms  AssignProjectConfiguration                 1 calls
        4 ms  ComputeLinkSwitches                        1 calls
        6 ms  WarnCompileDuplicatedFilename              1 calls
        8 ms  MakeDirsForCl                              1 calls
        9 ms  CustomBuild                                1 calls
       10 ms  SetTelemetryEnvironmentVariables           1 calls
       17 ms  _CheckForInvalidConfigurationAndPlatform   1 calls
       17 ms  PrepareForBuild                            1 calls
       27 ms  ResolveProjectReferences                   1 calls
       33 ms  InitializeBuildStatus                      1 calls
       38 ms  CopyFileToFolders                          1 calls
      105 ms  ClCompile                                  1 calls
      466 ms  Link                                       1 calls

Task Performance Summary:
        1 ms  AssignTargetPath                           4 calls
        1 ms  WriteLinesToFile                           1 calls
        1 ms  MSBuild                                    1 calls
        1 ms  AssignCulture                              1 calls
        2 ms  ReadLinesFromFile                          1 calls
        2 ms  Message                                    2 calls
        2 ms  CheckVCToolsetVersion                      1 calls
        2 ms  AssignProjectConfiguration                 1 calls
        4 ms  MakeDir                                    7 calls
        4 ms  SetEnv                                     8 calls
        8 ms  GetOutOfDateItems                          3 calls
       29 ms  Touch                                      1 calls
      103 ms  CL                                         1 calls
      466 ms  Link                                       1 calls
